{
  "RSpec": {
    "coverage": {
      "/Users/jennifer/Dropbox/dev/record-collector/app/helpers/application_helper.rb": [
        1,
        null
      ],
      "/Users/jennifer/Dropbox/dev/record-collector/app/mailers/application_mailer.rb": [
        0,
        0,
        0,
        0
      ],
      "/Users/jennifer/Dropbox/dev/record-collector/app/models/application_record.rb": [
        0,
        0,
        0
      ],
      "/Users/jennifer/Dropbox/dev/record-collector/app/jobs/application_job.rb": [
        0,
        0
      ],
      "/Users/jennifer/Dropbox/dev/record-collector/app/controllers/application_controller.rb": [
        0,
        0
      ],
      "/Users/jennifer/Dropbox/dev/record-collector/app/channels/application_cable/connection.rb": [
        0,
        0,
        0,
        0
      ],
      "/Users/jennifer/Dropbox/dev/record-collector/app/channels/application_cable/channel.rb": [
        0,
        0,
        0,
        0
      ]
    },
    "timestamp": 1526391274
  }
}
